<?xml version="1.0" encoding="UTF-8"?>
<!-- Generated by org.testng.reporters.JUnitXMLReporter -->
<testsuite hostname="DESKTOP-GMVM8EO" ignored="0" name="Command line test" tests="6" failures="0" timestamp="17 Feb 2020 17:08:08 GMT" time="294.056" errors="0">
  <testcase name="@BeforeTest initialize" time="0.0" classname="iLAB_WEBSITE.ValidateJobApplicationFormTest">
    <failure type="org.openqa.selenium.WebDriverException" message="chrome not reachable
  (Session info: chrome=79.0.3945.130)
Build info: version: &amp;apos;3.13.0&amp;apos;, revision: &amp;apos;2f0d292&amp;apos;, time: &amp;apos;2018-06-25T15:24:21.231Z&amp;apos;
System info: host: &amp;apos;DESKTOP-GMVM8EO&amp;apos;, ip: &amp;apos;192.168.114.2&amp;apos;, os.name: &amp;apos;Windows 10&amp;apos;, os.arch: &amp;apos;amd64&amp;apos;, os.version: &amp;apos;10.0&amp;apos;, java.version: &amp;apos;1.8.0_201&amp;apos;
Driver info: org.openqa.selenium.chrome.ChromeDriver
Capabilities {acceptInsecureCerts: false, browserName: chrome, browserVersion: 79.0.3945.130, chrome: {chromedriverVersion: 79.0.3945.36 (3582db32b3389..., userDataDir: C:\Users\Victoria\AppData\L...}, goog:chromeOptions: {debuggerAddress: localhost:55732}, javascriptEnabled: true, networkConnectionEnabled: false, pageLoadStrategy: normal, platform: WINDOWS, platformName: WINDOWS, proxy: Proxy(), setWindowRect: true, strictFileInteractability: false, timeouts: {implicit: 0, pageLoad: 300000, script: 30000}, unhandledPromptBehavior: dismiss and notify}
Session ID: cf5aef31bee5e8348281b0d91df5c70a">
      <![CDATA[org.openqa.selenium.WebDriverException: chrome not reachable
  (Session info: chrome=79.0.3945.130)
Build info: version: '3.13.0', revision: '2f0d292', time: '2018-06-25T15:24:21.231Z'
System info: host: 'DESKTOP-GMVM8EO', ip: '192.168.114.2', os.name: 'Windows 10', os.arch: 'amd64', os.version: '10.0', java.version: '1.8.0_201'
Driver info: org.openqa.selenium.chrome.ChromeDriver
Capabilities {acceptInsecureCerts: false, browserName: chrome, browserVersion: 79.0.3945.130, chrome: {chromedriverVersion: 79.0.3945.36 (3582db32b3389..., userDataDir: C:\Users\Victoria\AppData\L...}, goog:chromeOptions: {debuggerAddress: localhost:55732}, javascriptEnabled: true, networkConnectionEnabled: false, pageLoadStrategy: normal, platform: WINDOWS, platformName: WINDOWS, proxy: Proxy(), setWindowRect: true, strictFileInteractability: false, timeouts: {implicit: 0, pageLoad: 300000, script: 30000}, unhandledPromptBehavior: dismiss and notify}
Session ID: cf5aef31bee5e8348281b0d91df5c70a
	at org.openqa.selenium.remote.http.W3CHttpResponseCodec.createException(W3CHttpResponseCodec.java:187)
	at org.openqa.selenium.remote.http.W3CHttpResponseCodec.decode(W3CHttpResponseCodec.java:122)
	at org.openqa.selenium.remote.http.W3CHttpResponseCodec.decode(W3CHttpResponseCodec.java:49)
	at org.openqa.selenium.remote.HttpCommandExecutor.execute(HttpCommandExecutor.java:158)
	at org.openqa.selenium.remote.service.DriverCommandExecutor.execute(DriverCommandExecutor.java:83)
	at org.openqa.selenium.remote.RemoteWebDriver.execute(RemoteWebDriver.java:548)
	at org.openqa.selenium.remote.RemoteWebDriver.get(RemoteWebDriver.java:276)
	at iLAB_WEBSITE.ValidateJobApplicationFormTest.initialize(ValidateJobApplicationFormTest.java:27)
... Removed 37 stack frames]]>
    </failure>
  </testcase> <!-- @BeforeTest initialize -->
  <testcase name="@AfterTest teardown" time="0.0" classname="iLAB_WEBSITE.ExcelDrivenJobApplicatonTest">
    <skipped/>
  </testcase> <!-- @AfterTest teardown -->
  <testcase name="@AfterTest teardown" time="0.0" classname="iLAB_WEBSITE.OnlineJobApplicationTest">
    <skipped/>
  </testcase> <!-- @AfterTest teardown -->
  <testcase name="@AfterTest teardown" time="0.0" classname="iLAB_WEBSITE.ParameterisedJobApplicationTest">
    <skipped/>
  </testcase> <!-- @AfterTest teardown -->
  <testcase name="@AfterTest teardown" time="0.0" classname="iLAB_WEBSITE.ValidateJobApplicationFormTest">
    <skipped/>
  </testcase> <!-- @AfterTest teardown -->
  <testcase name="applyJobOnline" time="0.002" classname="iLAB_WEBSITE.ExcelDrivenJobApplicatonTest">
    <skipped/>
  </testcase> <!-- applyJobOnline -->
  <testcase name="applyJobOnline" time="0.0" classname="iLAB_WEBSITE.OnlineJobApplicationTest">
    <skipped/>
  </testcase> <!-- applyJobOnline -->
  <testcase name="iLabJobApplication" time="0.001" classname="iLAB_WEBSITE.ParameterisedJobApplicationTest">
    <skipped/>
  </testcase> <!-- iLabJobApplication -->
  <testcase name="iLabJobApplication" time="0.001" classname="iLAB_WEBSITE.ParameterisedJobApplicationTest">
    <skipped/>
  </testcase> <!-- iLabJobApplication -->
  <testcase name="iLabJobApplication" time="0.0" classname="iLAB_WEBSITE.ParameterisedJobApplicationTest">
    <skipped/>
  </testcase> <!-- iLabJobApplication -->
  <testcase name="validateRequiredFieldsOnJobForm" time="0.0" classname="iLAB_WEBSITE.ValidateJobApplicationFormTest">
    <skipped/>
  </testcase> <!-- validateRequiredFieldsOnJobForm -->
</testsuite> <!-- Command line test -->
